# JRE version: OpenJDK Runtime Environment Temurin-17.0.16+8 (17.0.16+8) (build 17.0.16+8)
# Java VM: OpenJDK 64-Bit Server VM Temurin-17.0.16+8 (17.0.16+8, mixed mode, sharing, tiered, compressed oops, compressed class ptrs, g1 gc, windows-amd64)
GC Precious Log:
 CPUs: 4 total, 4 available
 Memory: 7926M
 Large Page Support: Disabled
 NUMA Support: Disabled
 Compressed Oops: Enabled (Zero based)
 Heap Region Size: 2M
 Heap Min Capacity: 8M
 Heap Initial Capacity: 124M
 Heap Max Capacity: 4G
 Pre-touch: Disabled
 Parallel Workers: 4
 Concurrent Workers: 1
 Concurrent Refinement Workers: 4
 Periodic GC: Disabled
Heap:
 garbage-first heap   total 600064K, used 439151K [0x0000000700000000, 0x0000000800000000)
  region size 2048K, 37 young (75776K), 8 survivors (16384K)
 Metaspace       used 179844K, committed 182144K, reserved 1245184K
  class space    used 24166K, committed 25280K, reserved 1048576K
GC Heap History (20 events):
Event: 6980.330 GC heap before
{Heap before GC invocations=100 (full 0):
 garbage-first heap   total 577536K, used 504674K [0x0000000700000000, 0x0000000800000000)
  region size 2048K, 24 young (49152K), 3 survivors (6144K)
 Metaspace       used 157542K, committed 160000K, reserved 1245184K
  class space    used 21103K, committed 22336K, reserved 1048576K
}
Event: 6980.348 GC heap after
{Heap after GC invocations=101 (full 0):
 garbage-first heap   total 577536K, used 469345K [0x0000000700000000, 0x0000000800000000)
  region size 2048K, 3 young (6144K), 3 survivors (6144K)
 Metaspace       used 157542K, committed 160000K, reserved 1245184K
  class space    used 21103K, committed 22336K, reserved 1048576K
}
Event: 6981.380 GC heap before
{Heap before GC invocations=101 (full 0):
 garbage-first heap   total 577536K, used 498017K [0x0000000700000000, 0x0000000800000000)
  region size 2048K, 17 young (34816K), 3 survivors (6144K)
 Metaspace       used 158348K, committed 160832K, reserved 1245184K
  class space    used 21152K, committed 22400K, reserved 1048576K
}
Event: 6981.395 GC heap after
{Heap after GC invocations=102 (full 0):
 garbage-first heap   total 577536K, used 475108K [0x0000000700000000, 0x0000000800000000)
  region size 2048K, 3 young (6144K), 3 survivors (6144K)
 Metaspace       used 158348K, committed 160832K, reserved 1245184K
  class space    used 21152K, committed 22400K, reserved 1048576K
}
Event: 6982.954 GC heap before
{Heap before GC invocations=102 (full 0):
 garbage-first heap   total 577536K, used 501732K [0x0000000700000000, 0x0000000800000000)
  region size 2048K, 16 young (32768K), 3 survivors (6144K)
 Metaspace       used 158832K, committed 161216K, reserved 1245184K
  class space    used 21204K, committed 22400K, reserved 1048576K
}
Event: 6982.969 GC heap after
{Heap after GC invocations=103 (full 0):
 garbage-first heap   total 577536K, used 476310K [0x0000000700000000, 0x0000000800000000)
  region size 2048K, 2 young (4096K), 2 survivors (4096K)
 Metaspace       used 158832K, committed 161216K, reserved 1245184K
  class space    used 21204K, committed 22400K, reserved 1048576K
}
Event: 6983.914 GC heap before
{Heap before GC invocations=103 (full 0):
 garbage-first heap   total 577536K, used 498838K [0x0000000700000000, 0x0000000800000000)
  region size 2048K, 14 young (28672K), 2 survivors (4096K)
 Metaspace       used 160749K, committed 163264K, reserved 1245184K
  class space    used 21410K, committed 22656K, reserved 1048576K
}
Event: 6983.926 GC heap after
{Heap after GC invocations=104 (full 0):
 garbage-first heap   total 577536K, used 479801K [0x0000000700000000, 0x0000000800000000)
  region size 2048K, 2 young (4096K), 2 survivors (4096K)
 Metaspace       used 160749K, committed 163264K, reserved 1245184K
  class space    used 21410K, committed 22656K, reserved 1048576K
}
Event: 6985.391 GC heap before
{Heap before GC invocations=104 (full 0):
 garbage-first heap   total 577536K, used 502329K [0x0000000700000000, 0x0000000800000000)
  region size 2048K, 14 young (28672K), 2 survivors (4096K)
 Metaspace       used 161573K, committed 164032K, reserved 1245184K
  class space    used 21536K, committed 22720K, reserved 1048576K
}
Event: 6985.400 GC heap after
{Heap after GC invocations=105 (full 0):
 garbage-first heap   total 577536K, used 482192K [0x0000000700000000, 0x0000000800000000)
  region size 2048K, 2 young (4096K), 2 survivors (4096K)
 Metaspace       used 161573K, committed 164032K, reserved 1245184K
  class space    used 21536K, committed 22720K, reserved 1048576K
}
Event: 6985.667 GC heap before
{Heap before GC invocations=105 (full 0):
 garbage-first heap   total 577536K, used 506768K [0x0000000700000000, 0x0000000800000000)
  region size 2048K, 14 young (28672K), 2 survivors (4096K)
 Metaspace       used 161623K, committed 164096K, reserved 1245184K
  class space    used 21536K, committed 22720K, reserved 1048576K
}
Event: 6985.676 GC heap after
{Heap after GC invocations=106 (full 0):
 garbage-first heap   total 577536K, used 485691K [0x0000000700000000, 0x0000000800000000)
  region size 2048K, 2 young (4096K), 2 survivors (4096K)
 Metaspace       used 161623K, committed 164096K, reserved 1245184K
  class space    used 21536K, committed 22720K, reserved 1048576K
}
Event: 6987.194 GC heap before
{Heap before GC invocations=106 (full 0):
 garbage-first heap   total 577536K, used 502075K [0x0000000700000000, 0x0000000800000000)
  region size 2048K, 12 young (24576K), 2 survivors (4096K)
 Metaspace       used 162418K, committed 164928K, reserved 1245184K
  class space    used 21659K, committed 22912K, reserved 1048576K
}
Event: 6987.953 GC heap after
{Heap after GC invocations=107 (full 1):
 garbage-first heap   total 577536K, used 215662K [0x0000000700000000, 0x0000000800000000)
  region size 2048K, 0 young (0K), 0 survivors (0K)
 Metaspace       used 160945K, committed 164608K, reserved 1245184K
  class space    used 21435K, committed 22912K, reserved 1048576K
}
Event: 6997.542 GC heap before
{Heap before GC invocations=107 (full 1):
 garbage-first heap   total 577536K, used 469614K [0x0000000700000000, 0x0000000800000000)
  region size 2048K, 110 young (225280K), 0 survivors (0K)
 Metaspace       used 178421K, committed 180672K, reserved 1245184K
  class space    used 23991K, committed 25088K, reserved 1048576K
}
Event: 6997.556 GC heap after
{Heap after GC invocations=108 (full 1):
 garbage-first heap   total 577536K, used 250526K [0x0000000700000000, 0x0000000800000000)
  region size 2048K, 7 young (14336K), 7 survivors (14336K)
 Metaspace       used 178421K, committed 180672K, reserved 1245184K
  class space    used 23991K, committed 25088K, reserved 1048576K
}
Event: 7003.550 GC heap before
{Heap before GC invocations=108 (full 1):
 garbage-first heap   total 577536K, used 483998K [0x0000000700000000, 0x0000000800000000)
  region size 2048K, 110 young (225280K), 7 survivors (14336K)
 Metaspace       used 179284K, committed 181504K, reserved 1245184K
  class space    used 24126K, committed 25216K, reserved 1048576K
}
Event: 7003.799 GC heap after
{Heap after GC invocations=109 (full 1):
 garbage-first heap   total 600064K, used 351791K [0x0000000700000000, 0x0000000800000000)
  region size 2048K, 14 young (28672K), 14 survivors (28672K)
 Metaspace       used 179284K, committed 181504K, reserved 1245184K
  class space    used 24126K, committed 25216K, reserved 1048576K
}
Event: 7008.314 GC heap before
{Heap before GC invocations=109 (full 1):
 garbage-first heap   total 600064K, used 452143K [0x0000000700000000, 0x0000000800000000)
  region size 2048K, 63 young (129024K), 14 survivors (28672K)
 Metaspace       used 179760K, committed 182016K, reserved 1245184K
  class space    used 24166K, committed 25280K, reserved 1048576K
}
Event: 7008.523 GC heap after
{Heap after GC invocations=110 (full 1):
 garbage-first heap   total 600064K, used 381807K [0x0000000700000000, 0x0000000800000000)
  region size 2048K, 8 young (16384K), 8 survivors (16384K)
 Metaspace       used 179760K, committed 182016K, reserved 1245184K
  class space    used 24166K, committed 25280K, reserved 1048576K
}

